2026-07-12 16:41:14 | INFO     | __main__ | Starting LawyerTracker v0.1.0
2026-07-12 16:41:14 | INFO     | database.connection | Database ready at C:\Users\kevin\Desktop\LawyerTracker\data\lawyertracker.db
2026-07-12 16:41:15 | INFO     | database.connection | Database ready at C:\Users\kevin\Desktop\LawyerTracker\data\lawyertracker.db
2026-07-12 16:41:15 | INFO     | ui.app | Navigated to screen: onboarding
2026-07-12 16:41:29 | INFO     | api.ecourts_client | eCourts session bootstrapped.
2026-07-12 16:41:29 | INFO     | services.location_service | Loaded 38 districts for state_code=10
2026-07-12 16:41:32 | INFO     | services.location_service | Loaded 13 court complexes for state_code=10 dist_code=2
2026-07-12 16:41:37 | INFO     | services.profile_service | Profile saved for advocate: Bastin Leve Raja
2026-07-12 16:41:37 | INFO     | ui.screens.onboarding_screen | Onboarding complete for Bastin Leve Raja
2026-07-12 16:41:37 | INFO     | ui.app | Navigated to screen: home
2026-07-12 16:41:38 | INFO     | services.location_service | Loaded 38 districts for state_code=10
2026-07-12 16:41:38 | INFO     | services.location_service | Loaded 38 districts for state_code=10
2026-07-12 16:41:38 | INFO     | services.location_service | Loaded 13 court complexes for state_code=10 dist_code=2
2026-07-12 16:41:38 | INFO     | services.location_service | Loaded 13 court complexes for state_code=10 dist_code=2
2026-07-12 16:41:40 | INFO     | ui.app | Navigated to screen: settings
2026-07-12 16:41:49 | INFO     | services.config_service | Config updated: kevinocr_dir
2026-07-12 16:41:53 | INFO     | services.captcha_service | KevinOCR engine loaded from C:\Users\kevin\Desktop\CAPTCHA\KevinOCR v4
2026-07-12 16:41:55 | INFO     | ui.app | Navigated to screen: home
2026-07-12 16:42:02 | INFO     | ui.app | Navigated to screen: captcha
2026-07-12 16:42:04 | INFO     | services.captcha_service | KevinOCR suggestion generated for CAPTCHA screen.
2026-07-12 16:42:06 | WARNING  | api.parser | Advocate search response had no recognizable case-list field: ['errormsg', 'div_captcha', 'adv_data', 'status']
2026-07-12 16:42:10 | INFO     | ui.app | Navigated to screen: home
2026-07-12 16:42:18 | INFO     | ui.app | Navigated to screen: captcha
2026-07-12 16:42:19 | INFO     | services.captcha_service | KevinOCR suggestion generated for CAPTCHA screen.
2026-07-12 16:42:22 | INFO     | ui.app | Navigated to screen: results
2026-07-12 16:42:23 | INFO     | services.search_service | Saved case id=1 (CRLMP/101899/2023 — Periyanayagi and One Other vs The Sub - Inspector of Police, Keeramangalam Police Station,)
2026-07-12 16:42:25 | INFO     | services.search_service | Saved case id=2 (MCOP/812/2022 — Periyanayagi vs Arjunan 2) The Branch Manager, National Insurance Company Ltd, Pudukkottai.)
2026-07-12 16:42:26 | INFO     | services.search_service | Saved case id=3 (EP/17/2024 — Nagammal vs Jeyaramachandran 2) Branch Manager, United India Insurance Company , 3) Branch Manager, Ms Sriram Autos)
2026-07-12 16:42:28 | INFO     | services.search_service | Saved case id=3 (EP/17/2024 — Nagammal vs Jeyaramachandran 2) Branch Manager, United India Insurance Company , 3) Branch Manager, Ms Sriram Autos)
2026-07-12 16:42:30 | INFO     | services.search_service | Saved case id=3 (EP/17/2024 — Nagammal vs Jeyaramachandran 2) Branch Manager, United India Insurance Company , 3) Branch Manager, Ms Sriram Autos)
2026-07-12 16:42:32 | INFO     | services.search_service | Saved case id=3 (EP/17/2024 — Nagammal vs Jeyaramachandran 2) Branch Manager, United India Insurance Company , 3) Branch Manager, Ms Sriram Autos)
2026-07-12 16:42:34 | INFO     | services.search_service | Saved case id=7 (MCOP/261/2022 — Dhanalakshmi vs Sambathkumar Advocate - BASTIN LEVE RAJA 2) The Branch Manager, Royal Sundaram General Insurance Com., Ltd.,)
2026-07-12 16:42:36 | INFO     | services.search_service | Saved case id=8 (OS/141/2026 — Sate Bank of india , Alangudi Branch vs Abinaya)
2026-07-12 16:42:38 | INFO     | services.search_service | Saved case id=9 (OS/104/2026 — State Bank of India,Alangudi Branch vs Sengamalam)
2026-07-12 16:42:40 | INFO     | services.search_service | Saved case id=10 (OS/87/2026 — SBI vs Elayaraja)
2026-07-12 16:42:42 | INFO     | services.search_service | Saved case id=11 (OS/86/2026 — SBI vs Elayaraja A)
2026-07-12 16:42:45 | INFO     | services.search_service | Saved case id=12 (OS/74/2026 — State Bank of India, Alangudi Branch vs Thiruveni)
2026-07-12 16:42:47 | INFO     | services.search_service | Saved case id=13 (OS/65/2026 — State Bank of India vs G Durkalakshmi)
2026-07-12 16:42:49 | INFO     | services.search_service | Saved case id=14 (OS/25/2026 — State Bank of India vs Prakash 2) Anbarasan)
2026-07-12 16:42:51 | INFO     | services.search_service | Saved case id=15 (OS/23/2026 — State Bank of India vs Panneerselvam T)
2026-07-12 16:42:53 | INFO     | services.search_service | Saved case id=16 (OS/11/2026 — State Bank Of India. vs Ramya)
2026-07-12 16:42:56 | INFO     | services.search_service | Saved case id=17 (OS/9/2026 — State Bank Of India vs Maheshwari M)
2026-07-12 16:42:58 | INFO     | services.search_service | Saved case id=18 (OS/8/2026 — State Bank Of India vs Kamatchi S)
2026-07-14 07:08:01 | WARNING  | services.reminder_logic | Invalid reminder_time 'nonsense', falling back to default.
2026-07-14 07:08:11 | INFO     | database.connection | Database ready at /tmp/lt_test_data/test.db
2026-07-14 07:08:11 | INFO     | services.profile_service | Profile saved for advocate: Kevin Rao
2026-07-14 07:08:11 | INFO     | services.config_service | Config updated: telegram_enabled
2026-07-14 07:08:11 | INFO     | services.config_service | Config updated: telegram_bot_token
2026-07-14 07:08:11 | INFO     | services.config_service | Config updated: telegram_chat_id
2026-07-14 07:08:11 | INFO     | services.config_service | Config updated: reminder_time
2026-07-14 07:08:11 | INFO     | services.reminder_logic | Reminder settings saved (enabled=True, time=20:00)
2026-07-14 07:08:11 | INFO     | services.config_service | Config updated: last_reminder_sent
2026-07-14 07:08:23 | INFO     | database.connection | Database ready at /tmp/lt_test_data/test2.db
2026-07-14 07:08:23 | INFO     | services.profile_service | Profile saved for advocate: Kevin
2026-07-14 07:08:23 | INFO     | services.config_service | Config updated: telegram_enabled
2026-07-14 07:08:23 | INFO     | services.config_service | Config updated: telegram_bot_token
2026-07-14 07:08:23 | INFO     | services.config_service | Config updated: telegram_chat_id
2026-07-14 07:08:23 | INFO     | services.config_service | Config updated: reminder_time
2026-07-14 07:08:23 | INFO     | services.reminder_logic | Reminder settings saved (enabled=True, time=07:08)
2026-07-14 07:08:23 | INFO     | services.reminder_scheduler | Reminder scheduler started.
2026-07-14 07:08:29 | INFO     | services.reminder_scheduler | Reminder scheduler stopped.
2026-07-14 07:08:44 | INFO     | database.connection | Database ready at /tmp/lt_test_data/test3.db
2026-07-14 07:08:44 | INFO     | services.profile_service | Profile saved for advocate: Kevin
2026-07-14 07:08:44 | INFO     | services.config_service | Config updated: telegram_enabled
2026-07-14 07:08:44 | INFO     | services.config_service | Config updated: telegram_bot_token
2026-07-14 07:08:44 | INFO     | services.config_service | Config updated: telegram_chat_id
2026-07-14 07:08:44 | INFO     | services.config_service | Config updated: reminder_time
2026-07-14 07:08:44 | INFO     | services.reminder_logic | Reminder settings saved (enabled=True, time=07:09)
2026-07-14 07:08:44 | INFO     | services.reminder_scheduler | Reminder scheduler started.
2026-07-14 07:09:00 | INFO     | services.config_service | Config updated: last_reminder_sent
2026-07-14 07:09:00 | INFO     | services.reminder_scheduler | Scheduled reminder sent (0 hearing(s) tomorrow).
2026-07-14 07:09:09 | INFO     | services.reminder_scheduler | Reminder scheduler stopped.
2026-07-14 07:09:15 | WARNING  | services.telegram_service | Telegram bot token or chat ID is not configured.
2026-07-15 11:12:28 | INFO     | __main__ | Starting LawyerTracker v0.1.0
2026-07-15 11:12:28 | INFO     | database.connection | Database ready at C:\Users\kevin\Desktop\LawyerTracker v2\data\lawyertracker.db
2026-07-15 11:12:30 | INFO     | database.connection | Database ready at C:\Users\kevin\Desktop\LawyerTracker v2\data\lawyertracker.db
2026-07-15 11:12:30 | INFO     | ui.app | Navigated to screen: home
2026-07-15 11:12:30 | INFO     | services.reminder_scheduler | Reminder scheduler started.
2026-07-15 11:12:31 | INFO     | api.ecourts_client | eCourts session bootstrapped.
2026-07-15 11:12:31 | INFO     | api.ecourts_client | eCourts session bootstrapped.
2026-07-15 11:12:31 | INFO     | services.location_service | Loaded 38 districts for state_code=10
2026-07-15 11:12:31 | INFO     | services.location_service | Loaded 38 districts for state_code=10
2026-07-15 11:12:31 | INFO     | services.location_service | Loaded 13 court complexes for state_code=10 dist_code=2
2026-07-15 11:12:31 | INFO     | services.location_service | Loaded 13 court complexes for state_code=10 dist_code=2
2026-07-15 11:12:34 | INFO     | ui.app | Navigated to screen: my_cases
2026-07-15 11:12:39 | INFO     | services.captcha_service | KevinOCR engine loaded from C:\Users\kevin\Desktop\CAPTCHA\KevinOCR v4
2026-07-15 11:12:39 | INFO     | config.telegram_config | Telegram bot token loaded from telegram_config.json.
2026-07-15 11:12:39 | INFO     | ui.app | Navigated to screen: settings
2026-07-15 11:12:39 | INFO     | ui.app | Navigated to screen: settings
2026-07-15 11:12:43 | INFO     | services.config_service | Config updated: kevinocr_dir
2026-07-15 11:13:24 | INFO     | services.telegram_auth_service | Telegram account connected: chat_id=5135607591 username=minnal_voice
2026-07-15 11:13:24 | INFO     | services.config_service | Config updated: telegram_chat_id
2026-07-15 11:13:24 | INFO     | services.config_service | Config updated: telegram_display_name
2026-07-15 11:13:24 | INFO     | services.config_service | Config updated: telegram_username
2026-07-15 11:13:24 | INFO     | services.reminder_logic | Telegram account connection saved (chat_id=5135607591).
2026-07-15 11:13:30 | INFO     | services.config_service | Config updated: telegram_enabled
2026-07-15 11:13:30 | INFO     | services.config_service | Config updated: reminder_time
2026-07-15 11:13:30 | INFO     | services.reminder_logic | Reminder prefs saved (enabled=True, time=20:00)
2026-07-15 11:13:33 | INFO     | services.telegram_service | Telegram reminder sent to chat_id=5135607591
2026-07-15 11:13:44 | INFO     | ui.app | Navigated to screen: my_cases
2026-07-15 11:13:47 | INFO     | services.history_service | Deleted saved case id=10
2026-07-15 11:13:47 | INFO     | ui.screens.my_cases_screen | Deleted case id=10 from My Cases.
2026-07-15 11:13:48 | INFO     | services.history_service | Deleted saved case id=15
2026-07-15 11:13:48 | INFO     | ui.screens.my_cases_screen | Deleted case id=15 from My Cases.
2026-07-15 11:13:49 | INFO     | services.history_service | Deleted saved case id=14
2026-07-15 11:13:49 | INFO     | ui.screens.my_cases_screen | Deleted case id=14 from My Cases.
2026-07-15 11:13:50 | INFO     | services.history_service | Deleted saved case id=8
2026-07-15 11:13:50 | INFO     | ui.screens.my_cases_screen | Deleted case id=8 from My Cases.
2026-07-15 11:13:51 | INFO     | services.history_service | Deleted saved case id=13
2026-07-15 11:13:51 | INFO     | ui.screens.my_cases_screen | Deleted case id=13 from My Cases.
2026-07-15 11:13:54 | INFO     | services.history_service | Deleted saved case id=9
2026-07-15 11:13:54 | INFO     | ui.screens.my_cases_screen | Deleted case id=9 from My Cases.
2026-07-15 11:13:55 | INFO     | services.history_service | Deleted saved case id=11
2026-07-15 11:13:55 | INFO     | ui.screens.my_cases_screen | Deleted case id=11 from My Cases.
2026-07-15 11:13:56 | INFO     | services.history_service | Deleted saved case id=12
2026-07-15 11:13:56 | INFO     | ui.screens.my_cases_screen | Deleted case id=12 from My Cases.
2026-07-15 11:13:57 | INFO     | services.history_service | Deleted saved case id=16
2026-07-15 11:13:57 | INFO     | ui.screens.my_cases_screen | Deleted case id=16 from My Cases.
2026-07-15 11:13:57 | INFO     | services.history_service | Deleted saved case id=17
2026-07-15 11:13:57 | INFO     | ui.screens.my_cases_screen | Deleted case id=17 from My Cases.
2026-07-15 11:13:58 | INFO     | services.history_service | Deleted saved case id=18
2026-07-15 11:13:58 | INFO     | ui.screens.my_cases_screen | Deleted case id=18 from My Cases.
2026-07-15 11:14:08 | INFO     | ui.app | Navigated to screen: settings
2026-07-15 11:14:12 | INFO     | ui.app | Navigated to screen: my_cases
2026-07-15 11:14:14 | INFO     | ui.app | Navigated to screen: home
2026-07-15 11:14:16 | INFO     | ui.app | Navigated to screen: my_cases
2026-07-15 11:14:17 | INFO     | ui.app | Navigated to screen: settings
2026-07-15 11:14:19 | INFO     | ui.app | Navigated to screen: home
2026-07-15 11:14:27 | INFO     | ui.app | Navigated to screen: captcha
2026-07-15 11:14:28 | INFO     | services.captcha_service | KevinOCR suggestion generated for CAPTCHA screen.
2026-07-15 11:14:30 | INFO     | ui.app | Navigated to screen: results
2026-07-15 11:14:32 | INFO     | services.search_service | Saved case id=19 (OS/141/2026 — Sate Bank of india , Alangudi Branch vs Abinaya)
2026-07-15 11:14:32 | ERROR    | api.ecourts_client | POST ?p=home/viewHistory failed.
Traceback (most recent call last):
  File "C:\Users\kevin\AppData\Local\Python\pythoncore-3.14-64\Lib\site-packages\urllib3\connectionpool.py", line 788, in urlopen
    response = self._make_request(
        conn,
    ...<10 lines>...
        **response_kw,
    )
  File "C:\Users\kevin\AppData\Local\Python\pythoncore-3.14-64\Lib\site-packages\urllib3\connectionpool.py", line 534, in _make_request
    response = conn.getresponse()
  File "C:\Users\kevin\AppData\Local\Python\pythoncore-3.14-64\Lib\site-packages\urllib3\connection.py", line 571, in getresponse
    httplib_response = super().getresponse()
  File "C:\Users\kevin\AppData\Local\Python\pythoncore-3.14-64\Lib\http\client.py", line 1450, in getresponse
    response.begin()
    ~~~~~~~~~~~~~~^^
  File "C:\Users\kevin\AppData\Local\Python\pythoncore-3.14-64\Lib\http\client.py", line 336, in begin
    version, status, reason = self._read_status()
                              ~~~~~~~~~~~~~~~~~^^
  File "C:\Users\kevin\AppData\Local\Python\pythoncore-3.14-64\Lib\http\client.py", line 305, in _read_status
    raise RemoteDisconnected("Remote end closed connection without"
                             " response")
http.client.RemoteDisconnected: Remote end closed connection without response

During handling of the above exception, another exception occurred:

Traceback (most recent call last):
  File "C:\Users\kevin\AppData\Local\Python\pythoncore-3.14-64\Lib\site-packages\requests\adapters.py", line 696, in send
    resp = conn.urlopen(
        method=request.method,
    ...<9 lines>...
        chunked=chunked,
    )
  File "C:\Users\kevin\AppData\Local\Python\pythoncore-3.14-64\Lib\site-packages\urllib3\connectionpool.py", line 842, in urlopen
    retries = retries.increment(
        method, url, error=new_e, _pool=self, _stacktrace=sys.exc_info()[2]
    )
  File "C:\Users\kevin\AppData\Local\Python\pythoncore-3.14-64\Lib\site-packages\urllib3\util\retry.py", line 498, in increment
    raise reraise(type(error), error, _stacktrace)
          ~~~~~~~^^^^^^^^^^^^^^^^^^^^^^^^^^^^^^^^^
  File "C:\Users\kevin\AppData\Local\Python\pythoncore-3.14-64\Lib\site-packages\urllib3\util\util.py", line 38, in reraise
    raise value.with_traceback(tb)
  File "C:\Users\kevin\AppData\Local\Python\pythoncore-3.14-64\Lib\site-packages\urllib3\connectionpool.py", line 788, in urlopen
    response = self._make_request(
        conn,
    ...<10 lines>...
        **response_kw,
    )
  File "C:\Users\kevin\AppData\Local\Python\pythoncore-3.14-64\Lib\site-packages\urllib3\connectionpool.py", line 534, in _make_request
    response = conn.getresponse()
  File "C:\Users\kevin\AppData\Local\Python\pythoncore-3.14-64\Lib\site-packages\urllib3\connection.py", line 571, in getresponse
    httplib_response = super().getresponse()
  File "C:\Users\kevin\AppData\Local\Python\pythoncore-3.14-64\Lib\http\client.py", line 1450, in getresponse
    response.begin()
    ~~~~~~~~~~~~~~^^
  File "C:\Users\kevin\AppData\Local\Python\pythoncore-3.14-64\Lib\http\client.py", line 336, in begin
    version, status, reason = self._read_status()
                              ~~~~~~~~~~~~~~~~~^^
  File "C:\Users\kevin\AppData\Local\Python\pythoncore-3.14-64\Lib\http\client.py", line 305, in _read_status
    raise RemoteDisconnected("Remote end closed connection without"
                             " response")
urllib3.exceptions.ProtocolError: ('Connection aborted.', RemoteDisconnected('Remote end closed connection without response'))

During handling of the above exception, another exception occurred:

Traceback (most recent call last):
  File "C:\Users\kevin\Desktop\LawyerTracker v2\api\ecourts_client.py", line 89, in _post
    return self._session.post(
           ~~~~~~~~~~~~~~~~~~^
        self._base + path,
        ^^^^^^^^^^^^^^^^^^
        data={**data, "ajax_req": "true", "app_token": ""},
        ^^^^^^^^^^^^^^^^^^^^^^^^^^^^^^^^^^^^^^^^^^^^^^^^^^^
        timeout=settings.request_timeout_seconds,
        ^^^^^^^^^^^^^^^^^^^^^^^^^^^^^^^^^^^^^^^^^
    )
    ^
  File "C:\Users\kevin\AppData\Local\Python\pythoncore-3.14-64\Lib\site-packages\requests\sessions.py", line 712, in post
    return self.request("POST", url, data=data, json=json, **kwargs)
           ~~~~~~~~~~~~^^^^^^^^^^^^^^^^^^^^^^^^^^^^^^^^^^^^^^^^^^^^^
  File "C:\Users\kevin\AppData\Local\Python\pythoncore-3.14-64\Lib\site-packages\requests\sessions.py", line 651, in request
    resp = self.send(prep, **send_kwargs)
  File "C:\Users\kevin\AppData\Local\Python\pythoncore-3.14-64\Lib\site-packages\requests\sessions.py", line 784, in send
    r = adapter.send(request, **kwargs)
  File "C:\Users\kevin\AppData\Local\Python\pythoncore-3.14-64\Lib\site-packages\requests\adapters.py", line 711, in send
    raise ConnectionError(err, request=request)
requests.exceptions.ConnectionError: ('Connection aborted.', RemoteDisconnected('Remote end closed connection without response'))
2026-07-15 11:14:32 | ERROR    | services.search_service | Detail fetch failed for OS/87/2026 — SBI vs Elayaraja; saving summary fields only.
Traceback (most recent call last):
  File "C:\Users\kevin\AppData\Local\Python\pythoncore-3.14-64\Lib\site-packages\urllib3\connectionpool.py", line 788, in urlopen
    response = self._make_request(
        conn,
    ...<10 lines>...
        **response_kw,
    )
  File "C:\Users\kevin\AppData\Local\Python\pythoncore-3.14-64\Lib\site-packages\urllib3\connectionpool.py", line 534, in _make_request
    response = conn.getresponse()
  File "C:\Users\kevin\AppData\Local\Python\pythoncore-3.14-64\Lib\site-packages\urllib3\connection.py", line 571, in getresponse
    httplib_response = super().getresponse()
  File "C:\Users\kevin\AppData\Local\Python\pythoncore-3.14-64\Lib\http\client.py", line 1450, in getresponse
    response.begin()
    ~~~~~~~~~~~~~~^^
  File "C:\Users\kevin\AppData\Local\Python\pythoncore-3.14-64\Lib\http\client.py", line 336, in begin
    version, status, reason = self._read_status()
                              ~~~~~~~~~~~~~~~~~^^
  File "C:\Users\kevin\AppData\Local\Python\pythoncore-3.14-64\Lib\http\client.py", line 305, in _read_status
    raise RemoteDisconnected("Remote end closed connection without"
                             " response")
http.client.RemoteDisconnected: Remote end closed connection without response

During handling of the above exception, another exception occurred:

Traceback (most recent call last):
  File "C:\Users\kevin\AppData\Local\Python\pythoncore-3.14-64\Lib\site-packages\requests\adapters.py", line 696, in send
    resp = conn.urlopen(
        method=request.method,
    ...<9 lines>...
        chunked=chunked,
    )
  File "C:\Users\kevin\AppData\Local\Python\pythoncore-3.14-64\Lib\site-packages\urllib3\connectionpool.py", line 842, in urlopen
    retries = retries.increment(
        method, url, error=new_e, _pool=self, _stacktrace=sys.exc_info()[2]
    )
  File "C:\Users\kevin\AppData\Local\Python\pythoncore-3.14-64\Lib\site-packages\urllib3\util\retry.py", line 498, in increment
    raise reraise(type(error), error, _stacktrace)
          ~~~~~~~^^^^^^^^^^^^^^^^^^^^^^^^^^^^^^^^^
  File "C:\Users\kevin\AppData\Local\Python\pythoncore-3.14-64\Lib\site-packages\urllib3\util\util.py", line 38, in reraise
    raise value.with_traceback(tb)
  File "C:\Users\kevin\AppData\Local\Python\pythoncore-3.14-64\Lib\site-packages\urllib3\connectionpool.py", line 788, in urlopen
    response = self._make_request(
        conn,
    ...<10 lines>...
        **response_kw,
    )
  File "C:\Users\kevin\AppData\Local\Python\pythoncore-3.14-64\Lib\site-packages\urllib3\connectionpool.py", line 534, in _make_request
    response = conn.getresponse()
  File "C:\Users\kevin\AppData\Local\Python\pythoncore-3.14-64\Lib\site-packages\urllib3\connection.py", line 571, in getresponse
    httplib_response = super().getresponse()
  File "C:\Users\kevin\AppData\Local\Python\pythoncore-3.14-64\Lib\http\client.py", line 1450, in getresponse
    response.begin()
    ~~~~~~~~~~~~~~^^
  File "C:\Users\kevin\AppData\Local\Python\pythoncore-3.14-64\Lib\http\client.py", line 336, in begin
    version, status, reason = self._read_status()
                              ~~~~~~~~~~~~~~~~~^^
  File "C:\Users\kevin\AppData\Local\Python\pythoncore-3.14-64\Lib\http\client.py", line 305, in _read_status
    raise RemoteDisconnected("Remote end closed connection without"
                             " response")
urllib3.exceptions.ProtocolError: ('Connection aborted.', RemoteDisconnected('Remote end closed connection without response'))

During handling of the above exception, another exception occurred:

Traceback (most recent call last):
  File "C:\Users\kevin\Desktop\LawyerTracker v2\api\ecourts_client.py", line 89, in _post
    return self._session.post(
           ~~~~~~~~~~~~~~~~~~^
        self._base + path,
        ^^^^^^^^^^^^^^^^^^
        data={**data, "ajax_req": "true", "app_token": ""},
        ^^^^^^^^^^^^^^^^^^^^^^^^^^^^^^^^^^^^^^^^^^^^^^^^^^^
        timeout=settings.request_timeout_seconds,
        ^^^^^^^^^^^^^^^^^^^^^^^^^^^^^^^^^^^^^^^^^
    )
    ^
  File "C:\Users\kevin\AppData\Local\Python\pythoncore-3.14-64\Lib\site-packages\requests\sessions.py", line 712, in post
    return self.request("POST", url, data=data, json=json, **kwargs)
           ~~~~~~~~~~~~^^^^^^^^^^^^^^^^^^^^^^^^^^^^^^^^^^^^^^^^^^^^^
  File "C:\Users\kevin\AppData\Local\Python\pythoncore-3.14-64\Lib\site-packages\requests\sessions.py", line 651, in request
    resp = self.send(prep, **send_kwargs)
  File "C:\Users\kevin\AppData\Local\Python\pythoncore-3.14-64\Lib\site-packages\requests\sessions.py", line 784, in send
    r = adapter.send(request, **kwargs)
  File "C:\Users\kevin\AppData\Local\Python\pythoncore-3.14-64\Lib\site-packages\requests\adapters.py", line 711, in send
    raise ConnectionError(err, request=request)
requests.exceptions.ConnectionError: ('Connection aborted.', RemoteDisconnected('Remote end closed connection without response'))

The above exception was the direct cause of the following exception:

Traceback (most recent call last):
  File "C:\Users\kevin\Desktop\LawyerTracker v2\services\search_service.py", line 179, in enrich_and_save_all
    case = self.fetch_case_detail(case)
  File "C:\Users\kevin\Desktop\LawyerTracker v2\services\search_service.py", line 125, in fetch_case_detail
    response = self._client.fetch_case_history(view_args)
  File "C:\Users\kevin\Desktop\LawyerTracker v2\api\ecourts_client.py", line 242, in fetch_case_history
    resp = self._post("?p=home/viewHistory", payload)
  File "C:\Users\kevin\Desktop\LawyerTracker v2\api\ecourts_client.py", line 96, in _post
    raise NetworkError(f"Request to eCourts portal failed ({path}).") from exc
app_utils.exceptions.NetworkError: Request to eCourts portal failed (?p=home/viewHistory).
2026-07-15 11:14:32 | INFO     | services.search_service | Saved case id=20 (OS/87/2026 — SBI vs Elayaraja)
2026-07-15 11:14:35 | INFO     | services.search_service | Saved case id=21 (OS/65/2026 — State Bank of India vs G Durkalakshmi)
2026-07-15 11:14:36 | INFO     | services.search_service | Saved case id=22 (OS/25/2026 — State Bank of India vs Prakash 2) Anbarasan)
2026-07-15 11:14:37 | INFO     | services.search_service | Saved case id=23 (OS/23/2026 — State Bank of India vs Panneerselvam T)
2026-07-15 11:14:39 | INFO     | services.search_service | Saved case id=24 (OS/267/2025 — State Bank of India, Branch Manager vs A.Janakaraj)
2026-07-15 11:14:40 | INFO     | services.search_service | Saved case id=25 (OS/265/2025 — State Bank of India, Branch Manager vs Karuppaiya)
2026-07-15 11:14:41 | INFO     | services.search_service | Saved case id=26 (OS/263/2025 — State Bank of India, Branch Manager vs Poomathi)
2026-07-15 11:14:43 | INFO     | services.search_service | Saved case id=27 (OS/259/2025 — State Bank of India, Branch Manager vs Arockiaselinraj)
2026-07-15 11:14:45 | INFO     | services.search_service | Saved case id=28 (OS/245/2025 — State Bank of India vs Balasubramaniyan)
2026-07-15 11:14:46 | INFO     | services.search_service | Saved case id=29 (OS/8/2026 — State Bank Of India, Alangudi Branch vs Kamatchi S)
2026-07-15 11:14:49 | INFO     | services.search_service | Saved case id=30 (OS/10/2024 — Malliga vs Rajalakshmi(Died) 2) Manickam)
2026-07-15 11:14:55 | INFO     | services.search_service | Saved case id=30 (OS/10/2024 — Malliga vs Rajalakshmi(Died) 2) Manickam)
2026-07-15 11:14:56 | INFO     | services.search_service | Saved case id=32 (OS/260/2025 — State Bank of India, Branch Manager, Alangudi Branch vs Vijaya Advocate - Balakrishnan.C)
2026-07-15 11:14:57 | INFO     | services.search_service | Saved case id=33 (OS/104/2026 — State Bank of India, Alangudi Branch vs Sengamalam)
2026-07-15 11:14:59 | INFO     | services.search_service | Saved case id=34 (OS/86/2026 — State Bank of India, Alangudy Branch. vs Thamsan 2) Sagayaraj)
2026-07-15 11:15:00 | INFO     | services.search_service | Saved case id=35 (OS/74/2026 — State Bank of India, Alangudi Branch vs Thiruveni 2) Alagarsami)
2026-07-15 11:15:06 | INFO     | ui.app | Navigated to screen: my_cases
2026-07-15 11:15:13 | INFO     | ui.app | Navigated to screen: my_cases
2026-07-15 11:15:20 | INFO     | ui.app | Navigated to screen: settings
2026-07-15 11:15:35 | INFO     | services.config_service | Config updated: telegram_enabled
2026-07-15 11:15:35 | INFO     | services.config_service | Config updated: reminder_time
2026-07-15 11:15:35 | INFO     | services.reminder_logic | Reminder prefs saved (enabled=True, time=11:16)
2026-07-15 11:16:01 | INFO     | services.telegram_service | Telegram reminder sent to chat_id=5135607591
2026-07-15 11:16:01 | INFO     | services.config_service | Config updated: last_reminder_sent
2026-07-15 11:16:01 | INFO     | services.reminder_scheduler | Scheduled reminder sent (0 hearing(s) tomorrow).
2026-07-15 11:25:47 | INFO     | services.reminder_scheduler | Reminder scheduler stopped.
2026-07-16 12:06:54 | INFO     | __main__ | Starting LawyerTracker v0.1.0
2026-07-16 12:06:54 | INFO     | database.connection | Database ready at C:\Users\kevin\Desktop\LawyerTracker v2\data\lawyertracker.db
2026-07-16 12:06:55 | INFO     | database.connection | Database ready at C:\Users\kevin\Desktop\LawyerTracker v2\data\lawyertracker.db
2026-07-16 12:06:55 | INFO     | ui.app | Navigated to screen: home
2026-07-16 12:06:55 | INFO     | services.reminder_scheduler | Reminder scheduler started.
2026-07-16 12:06:56 | INFO     | api.ecourts_client | eCourts session bootstrapped.
2026-07-16 12:06:56 | INFO     | api.ecourts_client | eCourts session bootstrapped.
2026-07-16 12:06:56 | INFO     | services.location_service | Loaded 38 districts for state_code=10
2026-07-16 12:06:56 | INFO     | services.location_service | Loaded 13 court complexes for state_code=10 dist_code=2
2026-07-16 12:06:57 | INFO     | services.location_service | Loaded 38 districts for state_code=10
2026-07-16 12:06:57 | INFO     | services.location_service | Loaded 13 court complexes for state_code=10 dist_code=2
2026-07-16 12:07:01 | INFO     | services.captcha_service | KevinOCR engine loaded from C:\Users\kevin\Desktop\CAPTCHA\KevinOCR v4
2026-07-16 12:07:01 | INFO     | ui.app | Navigated to screen: settings
2026-07-16 12:07:40 | INFO     | services.config_service | Config updated: telegram_enabled
2026-07-16 12:07:40 | INFO     | services.config_service | Config updated: reminder_time
2026-07-16 12:07:40 | INFO     | services.reminder_logic | Reminder prefs saved (enabled=True, time=13:08)
2026-07-16 12:08:11 | INFO     | config.telegram_config | Telegram bot token loaded from telegram_config.json.
2026-07-16 12:08:12 | INFO     | services.telegram_service | Telegram reminder sent to chat_id=5135607591
2026-07-16 12:08:26 | INFO     | services.config_service | Config updated: telegram_enabled
2026-07-16 12:08:26 | INFO     | services.config_service | Config updated: reminder_time
2026-07-16 12:08:26 | INFO     | services.reminder_logic | Reminder prefs saved (enabled=True, time=12:09)
2026-07-16 12:09:01 | INFO     | services.telegram_service | Telegram reminder sent to chat_id=5135607591
2026-07-16 12:09:01 | INFO     | services.config_service | Config updated: last_reminder_sent
2026-07-16 12:09:01 | INFO     | services.reminder_scheduler | Scheduled reminder sent (2 hearing(s) tomorrow).
2026-07-16 12:09:19 | INFO     | services.reminder_scheduler | Reminder scheduler stopped.
2026-07-17 14:54:33 | INFO     | __main__ | Starting LawyerTracker v0.1.0
2026-07-17 14:54:33 | INFO     | database.connection | Database ready at C:\Users\kevin\Desktop\LawyerTracker v2\data\lawyertracker.db
2026-07-17 14:54:34 | INFO     | database.connection | Database ready at C:\Users\kevin\Desktop\LawyerTracker v2\data\lawyertracker.db
2026-07-17 14:54:34 | INFO     | ui.app | Navigated to screen: home
2026-07-17 14:54:34 | INFO     | services.reminder_scheduler | Reminder scheduler started.
2026-07-17 14:54:46 | ERROR    | api.ecourts_client | Failed to bootstrap eCourts session.
Traceback (most recent call last):
  File "C:\Users\kevin\AppData\Local\Python\pythoncore-3.14-64\Lib\site-packages\urllib3\connection.py", line 204, in _new_conn
    sock = connection.create_connection(
        (self._dns_host, self.port),
    ...<2 lines>...
        socket_options=self.socket_options,
    )
  File "C:\Users\kevin\AppData\Local\Python\pythoncore-3.14-64\Lib\site-packages\urllib3\util\connection.py", line 60, in create_connection
    for res in socket.getaddrinfo(host, port, family, socket.SOCK_STREAM):
               ~~~~~~~~~~~~~~~~~~^^^^^^^^^^^^^^^^^^^^^^^^^^^^^^^^^^^^^^^^
  File "C:\Users\kevin\AppData\Local\Python\pythoncore-3.14-64\Lib\socket.py", line 983, in getaddrinfo
    for res in _socket.getaddrinfo(host, port, family, type, proto, flags):
               ~~~~~~~~~~~~~~~~~~~^^^^^^^^^^^^^^^^^^^^^^^^^^^^^^^^^^^^^^^^
socket.gaierror: [Errno 11001] getaddrinfo failed

The above exception was the direct cause of the following exception:

Traceback (most recent call last):
  File "C:\Users\kevin\AppData\Local\Python\pythoncore-3.14-64\Lib\site-packages\urllib3\connectionpool.py", line 788, in urlopen
    response = self._make_request(
        conn,
    ...<10 lines>...
        **response_kw,
    )
  File "C:\Users\kevin\AppData\Local\Python\pythoncore-3.14-64\Lib\site-packages\urllib3\connectionpool.py", line 488, in _make_request
    raise new_e
  File "C:\Users\kevin\AppData\Local\Python\pythoncore-3.14-64\Lib\site-packages\urllib3\connectionpool.py", line 464, in _make_request
    self._validate_conn(conn)
    ~~~~~~~~~~~~~~~~~~~^^^^^^
  File "C:\Users\kevin\AppData\Local\Python\pythoncore-3.14-64\Lib\site-packages\urllib3\connectionpool.py", line 1106, in _validate_conn
    conn.connect()
    ~~~~~~~~~~~~^^
  File "C:\Users\kevin\AppData\Local\Python\pythoncore-3.14-64\Lib\site-packages\urllib3\connection.py", line 759, in connect
    self.sock = sock = self._new_conn()
                       ~~~~~~~~~~~~~~^^
  File "C:\Users\kevin\AppData\Local\Python\pythoncore-3.14-64\Lib\site-packages\urllib3\connection.py", line 211, in _new_conn
    raise NameResolutionError(self.host, self, e) from e
urllib3.exceptions.NameResolutionError: HTTPSConnection(host='services.ecourts.gov.in', port=443): Failed to resolve 'services.ecourts.gov.in' ([Errno 11001] getaddrinfo failed)

The above exception was the direct cause of the following exception:

Traceback (most recent call last):
  File "C:\Users\kevin\AppData\Local\Python\pythoncore-3.14-64\Lib\site-packages\requests\adapters.py", line 696, in send
    resp = conn.urlopen(
        method=request.method,
    ...<9 lines>...
        chunked=chunked,
    )
  File "C:\Users\kevin\AppData\Local\Python\pythoncore-3.14-64\Lib\site-packages\urllib3\connectionpool.py", line 842, in urlopen
    retries = retries.increment(
        method, url, error=new_e, _pool=self, _stacktrace=sys.exc_info()[2]
    )
  File "C:\Users\kevin\AppData\Local\Python\pythoncore-3.14-64\Lib\site-packages\urllib3\util\retry.py", line 543, in increment
    raise MaxRetryError(_pool, url, reason) from reason  # type: ignore[arg-type]
    ^^^^^^^^^^^^^^^^^^^^^^^^^^^^^^^^^^^^^^^^^^^^^^^^^^^
urllib3.exceptions.MaxRetryError: HTTPSConnectionPool(host='services.ecourts.gov.in', port=443): Max retries exceeded with url: /ecourtindia_v6/?p=casestatus/index (Caused by NameResolutionError("HTTPSConnection(host='services.ecourts.gov.in', port=443): Failed to resolve 'services.ecourts.gov.in' ([Errno 11001] getaddrinfo failed)"))

During handling of the above exception, another exception occurred:

Traceback (most recent call last):
  File "C:\Users\kevin\Desktop\LawyerTracker v2\api\ecourts_client.py", line 72, in bootstrap
    self._session.get(
    ~~~~~~~~~~~~~~~~~^
        self._base + "?p=casestatus/index",
        ^^^^^^^^^^^^^^^^^^^^^^^^^^^^^^^^^^^
        timeout=settings.request_timeout_seconds,
        ^^^^^^^^^^^^^^^^^^^^^^^^^^^^^^^^^^^^^^^^^
    )
    ^
  File "C:\Users\kevin\AppData\Local\Python\pythoncore-3.14-64\Lib\site-packages\requests\sessions.py", line 671, in get
    return self.request("GET", url, params=params, **kwargs)
           ~~~~~~~~~~~~^^^^^^^^^^^^^^^^^^^^^^^^^^^^^^^^^^^^^
  File "C:\Users\kevin\AppData\Local\Python\pythoncore-3.14-64\Lib\site-packages\requests\sessions.py", line 651, in request
    resp = self.send(prep, **send_kwargs)
  File "C:\Users\kevin\AppData\Local\Python\pythoncore-3.14-64\Lib\site-packages\requests\sessions.py", line 784, in send
    r = adapter.send(request, **kwargs)
  File "C:\Users\kevin\AppData\Local\Python\pythoncore-3.14-64\Lib\site-packages\requests\adapters.py", line 729, in send
    raise ConnectionError(e, request=request)
requests.exceptions.ConnectionError: HTTPSConnectionPool(host='services.ecourts.gov.in', port=443): Max retries exceeded with url: /ecourtindia_v6/?p=casestatus/index (Caused by NameResolutionError("HTTPSConnection(host='services.ecourts.gov.in', port=443): Failed to resolve 'services.ecourts.gov.in' ([Errno 11001] getaddrinfo failed)"))
2026-07-17 14:54:46 | ERROR    | api.ecourts_client | Failed to bootstrap eCourts session.
Traceback (most recent call last):
  File "C:\Users\kevin\AppData\Local\Python\pythoncore-3.14-64\Lib\site-packages\urllib3\connection.py", line 204, in _new_conn
    sock = connection.create_connection(
        (self._dns_host, self.port),
    ...<2 lines>...
        socket_options=self.socket_options,
    )
  File "C:\Users\kevin\AppData\Local\Python\pythoncore-3.14-64\Lib\site-packages\urllib3\util\connection.py", line 60, in create_connection
    for res in socket.getaddrinfo(host, port, family, socket.SOCK_STREAM):
               ~~~~~~~~~~~~~~~~~~^^^^^^^^^^^^^^^^^^^^^^^^^^^^^^^^^^^^^^^^
  File "C:\Users\kevin\AppData\Local\Python\pythoncore-3.14-64\Lib\socket.py", line 983, in getaddrinfo
    for res in _socket.getaddrinfo(host, port, family, type, proto, flags):
               ~~~~~~~~~~~~~~~~~~~^^^^^^^^^^^^^^^^^^^^^^^^^^^^^^^^^^^^^^^^
socket.gaierror: [Errno 11001] getaddrinfo failed

The above exception was the direct cause of the following exception:

Traceback (most recent call last):
  File "C:\Users\kevin\AppData\Local\Python\pythoncore-3.14-64\Lib\site-packages\urllib3\connectionpool.py", line 788, in urlopen
    response = self._make_request(
        conn,
    ...<10 lines>...
        **response_kw,
    )
  File "C:\Users\kevin\AppData\Local\Python\pythoncore-3.14-64\Lib\site-packages\urllib3\connectionpool.py", line 488, in _make_request
    raise new_e
  File "C:\Users\kevin\AppData\Local\Python\pythoncore-3.14-64\Lib\site-packages\urllib3\connectionpool.py", line 464, in _make_request
    self._validate_conn(conn)
    ~~~~~~~~~~~~~~~~~~~^^^^^^
  File "C:\Users\kevin\AppData\Local\Python\pythoncore-3.14-64\Lib\site-packages\urllib3\connectionpool.py", line 1106, in _validate_conn
    conn.connect()
    ~~~~~~~~~~~~^^
  File "C:\Users\kevin\AppData\Local\Python\pythoncore-3.14-64\Lib\site-packages\urllib3\connection.py", line 759, in connect
    self.sock = sock = self._new_conn()
                       ~~~~~~~~~~~~~~^^
  File "C:\Users\kevin\AppData\Local\Python\pythoncore-3.14-64\Lib\site-packages\urllib3\connection.py", line 211, in _new_conn
    raise NameResolutionError(self.host, self, e) from e
urllib3.exceptions.NameResolutionError: HTTPSConnection(host='services.ecourts.gov.in', port=443): Failed to resolve 'services.ecourts.gov.in' ([Errno 11001] getaddrinfo failed)

The above exception was the direct cause of the following exception:

Traceback (most recent call last):
  File "C:\Users\kevin\AppData\Local\Python\pythoncore-3.14-64\Lib\site-packages\requests\adapters.py", line 696, in send
    resp = conn.urlopen(
        method=request.method,
    ...<9 lines>...
        chunked=chunked,
    )
  File "C:\Users\kevin\AppData\Local\Python\pythoncore-3.14-64\Lib\site-packages\urllib3\connectionpool.py", line 842, in urlopen
    retries = retries.increment(
        method, url, error=new_e, _pool=self, _stacktrace=sys.exc_info()[2]
    )
  File "C:\Users\kevin\AppData\Local\Python\pythoncore-3.14-64\Lib\site-packages\urllib3\util\retry.py", line 543, in increment
    raise MaxRetryError(_pool, url, reason) from reason  # type: ignore[arg-type]
    ^^^^^^^^^^^^^^^^^^^^^^^^^^^^^^^^^^^^^^^^^^^^^^^^^^^
urllib3.exceptions.MaxRetryError: HTTPSConnectionPool(host='services.ecourts.gov.in', port=443): Max retries exceeded with url: /ecourtindia_v6/?p=casestatus/index (Caused by NameResolutionError("HTTPSConnection(host='services.ecourts.gov.in', port=443): Failed to resolve 'services.ecourts.gov.in' ([Errno 11001] getaddrinfo failed)"))

During handling of the above exception, another exception occurred:

Traceback (most recent call last):
  File "C:\Users\kevin\Desktop\LawyerTracker v2\api\ecourts_client.py", line 72, in bootstrap
    self._session.get(
    ~~~~~~~~~~~~~~~~~^
        self._base + "?p=casestatus/index",
        ^^^^^^^^^^^^^^^^^^^^^^^^^^^^^^^^^^^
        timeout=settings.request_timeout_seconds,
        ^^^^^^^^^^^^^^^^^^^^^^^^^^^^^^^^^^^^^^^^^
    )
    ^
  File "C:\Users\kevin\AppData\Local\Python\pythoncore-3.14-64\Lib\site-packages\requests\sessions.py", line 671, in get
    return self.request("GET", url, params=params, **kwargs)
           ~~~~~~~~~~~~^^^^^^^^^^^^^^^^^^^^^^^^^^^^^^^^^^^^^
  File "C:\Users\kevin\AppData\Local\Python\pythoncore-3.14-64\Lib\site-packages\requests\sessions.py", line 651, in request
    resp = self.send(prep, **send_kwargs)
  File "C:\Users\kevin\AppData\Local\Python\pythoncore-3.14-64\Lib\site-packages\requests\sessions.py", line 784, in send
    r = adapter.send(request, **kwargs)
  File "C:\Users\kevin\AppData\Local\Python\pythoncore-3.14-64\Lib\site-packages\requests\adapters.py", line 729, in send
    raise ConnectionError(e, request=request)
requests.exceptions.ConnectionError: HTTPSConnectionPool(host='services.ecourts.gov.in', port=443): Max retries exceeded with url: /ecourtindia_v6/?p=casestatus/index (Caused by NameResolutionError("HTTPSConnection(host='services.ecourts.gov.in', port=443): Failed to resolve 'services.ecourts.gov.in' ([Errno 11001] getaddrinfo failed)"))
2026-07-17 14:54:46 | ERROR    | ui.widgets.location_picker | Failed to load districts.
Traceback (most recent call last):
  File "C:\Users\kevin\AppData\Local\Python\pythoncore-3.14-64\Lib\site-packages\urllib3\connection.py", line 204, in _new_conn
    sock = connection.create_connection(
        (self._dns_host, self.port),
    ...<2 lines>...
        socket_options=self.socket_options,
    )
  File "C:\Users\kevin\AppData\Local\Python\pythoncore-3.14-64\Lib\site-packages\urllib3\util\connection.py", line 60, in create_connection
    for res in socket.getaddrinfo(host, port, family, socket.SOCK_STREAM):
               ~~~~~~~~~~~~~~~~~~^^^^^^^^^^^^^^^^^^^^^^^^^^^^^^^^^^^^^^^^
  File "C:\Users\kevin\AppData\Local\Python\pythoncore-3.14-64\Lib\socket.py", line 983, in getaddrinfo
    for res in _socket.getaddrinfo(host, port, family, type, proto, flags):
               ~~~~~~~~~~~~~~~~~~~^^^^^^^^^^^^^^^^^^^^^^^^^^^^^^^^^^^^^^^^
socket.gaierror: [Errno 11001] getaddrinfo failed

The above exception was the direct cause of the following exception:

Traceback (most recent call last):
  File "C:\Users\kevin\AppData\Local\Python\pythoncore-3.14-64\Lib\site-packages\urllib3\connectionpool.py", line 788, in urlopen
    response = self._make_request(
        conn,
    ...<10 lines>...
        **response_kw,
    )
  File "C:\Users\kevin\AppData\Local\Python\pythoncore-3.14-64\Lib\site-packages\urllib3\connectionpool.py", line 488, in _make_request
    raise new_e
  File "C:\Users\kevin\AppData\Local\Python\pythoncore-3.14-64\Lib\site-packages\urllib3\connectionpool.py", line 464, in _make_request
    self._validate_conn(conn)
    ~~~~~~~~~~~~~~~~~~~^^^^^^
  File "C:\Users\kevin\AppData\Local\Python\pythoncore-3.14-64\Lib\site-packages\urllib3\connectionpool.py", line 1106, in _validate_conn
    conn.connect()
    ~~~~~~~~~~~~^^
  File "C:\Users\kevin\AppData\Local\Python\pythoncore-3.14-64\Lib\site-packages\urllib3\connection.py", line 759, in connect
    self.sock = sock = self._new_conn()
                       ~~~~~~~~~~~~~~^^
  File "C:\Users\kevin\AppData\Local\Python\pythoncore-3.14-64\Lib\site-packages\urllib3\connection.py", line 211, in _new_conn
    raise NameResolutionError(self.host, self, e) from e
urllib3.exceptions.NameResolutionError: HTTPSConnection(host='services.ecourts.gov.in', port=443): Failed to resolve 'services.ecourts.gov.in' ([Errno 11001] getaddrinfo failed)

The above exception was the direct cause of the following exception:

Traceback (most recent call last):
  File "C:\Users\kevin\AppData\Local\Python\pythoncore-3.14-64\Lib\site-packages\requests\adapters.py", line 696, in send
    resp = conn.urlopen(
        method=request.method,
    ...<9 lines>...
        chunked=chunked,
    )
  File "C:\Users\kevin\AppData\Local\Python\pythoncore-3.14-64\Lib\site-packages\urllib3\connectionpool.py", line 842, in urlopen
    retries = retries.increment(
        method, url, error=new_e, _pool=self, _stacktrace=sys.exc_info()[2]
    )
  File "C:\Users\kevin\AppData\Local\Python\pythoncore-3.14-64\Lib\site-packages\urllib3\util\retry.py", line 543, in increment
    raise MaxRetryError(_pool, url, reason) from reason  # type: ignore[arg-type]
    ^^^^^^^^^^^^^^^^^^^^^^^^^^^^^^^^^^^^^^^^^^^^^^^^^^^
urllib3.exceptions.MaxRetryError: HTTPSConnectionPool(host='services.ecourts.gov.in', port=443): Max retries exceeded with url: /ecourtindia_v6/?p=casestatus/index (Caused by NameResolutionError("HTTPSConnection(host='services.ecourts.gov.in', port=443): Failed to resolve 'services.ecourts.gov.in' ([Errno 11001] getaddrinfo failed)"))

During handling of the above exception, another exception occurred:

Traceback (most recent call last):
  File "C:\Users\kevin\Desktop\LawyerTracker v2\api\ecourts_client.py", line 72, in bootstrap
    self._session.get(
    ~~~~~~~~~~~~~~~~~^
        self._base + "?p=casestatus/index",
        ^^^^^^^^^^^^^^^^^^^^^^^^^^^^^^^^^^^
        timeout=settings.request_timeout_seconds,
        ^^^^^^^^^^^^^^^^^^^^^^^^^^^^^^^^^^^^^^^^^
    )
    ^
  File "C:\Users\kevin\AppData\Local\Python\pythoncore-3.14-64\Lib\site-packages\requests\sessions.py", line 671, in get
    return self.request("GET", url, params=params, **kwargs)
           ~~~~~~~~~~~~^^^^^^^^^^^^^^^^^^^^^^^^^^^^^^^^^^^^^
  File "C:\Users\kevin\AppData\Local\Python\pythoncore-3.14-64\Lib\site-packages\requests\sessions.py", line 651, in request
    resp = self.send(prep, **send_kwargs)
  File "C:\Users\kevin\AppData\Local\Python\pythoncore-3.14-64\Lib\site-packages\requests\sessions.py", line 784, in send
    r = adapter.send(request, **kwargs)
  File "C:\Users\kevin\AppData\Local\Python\pythoncore-3.14-64\Lib\site-packages\requests\adapters.py", line 729, in send
    raise ConnectionError(e, request=request)
requests.exceptions.ConnectionError: HTTPSConnectionPool(host='services.ecourts.gov.in', port=443): Max retries exceeded with url: /ecourtindia_v6/?p=casestatus/index (Caused by NameResolutionError("HTTPSConnection(host='services.ecourts.gov.in', port=443): Failed to resolve 'services.ecourts.gov.in' ([Errno 11001] getaddrinfo failed)"))

The above exception was the direct cause of the following exception:

Traceback (most recent call last):
  File "C:\Users\kevin\Desktop\LawyerTracker v2\ui\widgets\location_picker.py", line 147, in _fetch_districts_worker
    districts = self._service.get_districts(state_code)
  File "C:\Users\kevin\Desktop\LawyerTracker v2\services\location_service.py", line 37, in get_districts
    html = self._client.fetch_districts(state_code)
  File "C:\Users\kevin\Desktop\LawyerTracker v2\api\ecourts_client.py", line 104, in fetch_districts
    resp = self._post("?p=casestatus/fillDistrict", {"state_code": state_code})
  File "C:\Users\kevin\Desktop\LawyerTracker v2\api\ecourts_client.py", line 87, in _post
    self._ensure_bootstrapped()
    ~~~~~~~~~~~~~~~~~~~~~~~~~^^
  File "C:\Users\kevin\Desktop\LawyerTracker v2\api\ecourts_client.py", line 84, in _ensure_bootstrapped
    self.bootstrap()
    ~~~~~~~~~~~~~~^^
  File "C:\Users\kevin\Desktop\LawyerTracker v2\api\ecourts_client.py", line 80, in bootstrap
    raise NetworkError("Could not reach the eCourts portal.") from exc
app_utils.exceptions.NetworkError: Could not reach the eCourts portal.
2026-07-17 14:54:46 | ERROR    | ui.widgets.location_picker | Failed to load districts.
Traceback (most recent call last):
  File "C:\Users\kevin\AppData\Local\Python\pythoncore-3.14-64\Lib\site-packages\urllib3\connection.py", line 204, in _new_conn
    sock = connection.create_connection(
        (self._dns_host, self.port),
    ...<2 lines>...
        socket_options=self.socket_options,
    )
  File "C:\Users\kevin\AppData\Local\Python\pythoncore-3.14-64\Lib\site-packages\urllib3\util\connection.py", line 60, in create_connection
    for res in socket.getaddrinfo(host, port, family, socket.SOCK_STREAM):
               ~~~~~~~~~~~~~~~~~~^^^^^^^^^^^^^^^^^^^^^^^^^^^^^^^^^^^^^^^^
  File "C:\Users\kevin\AppData\Local\Python\pythoncore-3.14-64\Lib\socket.py", line 983, in getaddrinfo
    for res in _socket.getaddrinfo(host, port, family, type, proto, flags):
               ~~~~~~~~~~~~~~~~~~~^^^^^^^^^^^^^^^^^^^^^^^^^^^^^^^^^^^^^^^^
socket.gaierror: [Errno 11001] getaddrinfo failed

The above exception was the direct cause of the following exception:

Traceback (most recent call last):
  File "C:\Users\kevin\AppData\Local\Python\pythoncore-3.14-64\Lib\site-packages\urllib3\connectionpool.py", line 788, in urlopen
    response = self._make_request(
        conn,
    ...<10 lines>...
        **response_kw,
    )
  File "C:\Users\kevin\AppData\Local\Python\pythoncore-3.14-64\Lib\site-packages\urllib3\connectionpool.py", line 488, in _make_request
    raise new_e
  File "C:\Users\kevin\AppData\Local\Python\pythoncore-3.14-64\Lib\site-packages\urllib3\connectionpool.py", line 464, in _make_request
    self._validate_conn(conn)
    ~~~~~~~~~~~~~~~~~~~^^^^^^
  File "C:\Users\kevin\AppData\Local\Python\pythoncore-3.14-64\Lib\site-packages\urllib3\connectionpool.py", line 1106, in _validate_conn
    conn.connect()
    ~~~~~~~~~~~~^^
  File "C:\Users\kevin\AppData\Local\Python\pythoncore-3.14-64\Lib\site-packages\urllib3\connection.py", line 759, in connect
    self.sock = sock = self._new_conn()
                       ~~~~~~~~~~~~~~^^
  File "C:\Users\kevin\AppData\Local\Python\pythoncore-3.14-64\Lib\site-packages\urllib3\connection.py", line 211, in _new_conn
    raise NameResolutionError(self.host, self, e) from e
urllib3.exceptions.NameResolutionError: HTTPSConnection(host='services.ecourts.gov.in', port=443): Failed to resolve 'services.ecourts.gov.in' ([Errno 11001] getaddrinfo failed)

The above exception was the direct cause of the following exception:

Traceback (most recent call last):
  File "C:\Users\kevin\AppData\Local\Python\pythoncore-3.14-64\Lib\site-packages\requests\adapters.py", line 696, in send
    resp = conn.urlopen(
        method=request.method,
    ...<9 lines>...
        chunked=chunked,
    )
  File "C:\Users\kevin\AppData\Local\Python\pythoncore-3.14-64\Lib\site-packages\urllib3\connectionpool.py", line 842, in urlopen
    retries = retries.increment(
        method, url, error=new_e, _pool=self, _stacktrace=sys.exc_info()[2]
    )
  File "C:\Users\kevin\AppData\Local\Python\pythoncore-3.14-64\Lib\site-packages\urllib3\util\retry.py", line 543, in increment
    raise MaxRetryError(_pool, url, reason) from reason  # type: ignore[arg-type]
    ^^^^^^^^^^^^^^^^^^^^^^^^^^^^^^^^^^^^^^^^^^^^^^^^^^^
urllib3.exceptions.MaxRetryError: HTTPSConnectionPool(host='services.ecourts.gov.in', port=443): Max retries exceeded with url: /ecourtindia_v6/?p=casestatus/index (Caused by NameResolutionError("HTTPSConnection(host='services.ecourts.gov.in', port=443): Failed to resolve 'services.ecourts.gov.in' ([Errno 11001] getaddrinfo failed)"))

During handling of the above exception, another exception occurred:

Traceback (most recent call last):
  File "C:\Users\kevin\Desktop\LawyerTracker v2\api\ecourts_client.py", line 72, in bootstrap
    self._session.get(
    ~~~~~~~~~~~~~~~~~^
        self._base + "?p=casestatus/index",
        ^^^^^^^^^^^^^^^^^^^^^^^^^^^^^^^^^^^
        timeout=settings.request_timeout_seconds,
        ^^^^^^^^^^^^^^^^^^^^^^^^^^^^^^^^^^^^^^^^^
    )
    ^
  File "C:\Users\kevin\AppData\Local\Python\pythoncore-3.14-64\Lib\site-packages\requests\sessions.py", line 671, in get
    return self.request("GET", url, params=params, **kwargs)
           ~~~~~~~~~~~~^^^^^^^^^^^^^^^^^^^^^^^^^^^^^^^^^^^^^
  File "C:\Users\kevin\AppData\Local\Python\pythoncore-3.14-64\Lib\site-packages\requests\sessions.py", line 651, in request
    resp = self.send(prep, **send_kwargs)
  File "C:\Users\kevin\AppData\Local\Python\pythoncore-3.14-64\Lib\site-packages\requests\sessions.py", line 784, in send
    r = adapter.send(request, **kwargs)
  File "C:\Users\kevin\AppData\Local\Python\pythoncore-3.14-64\Lib\site-packages\requests\adapters.py", line 729, in send
    raise ConnectionError(e, request=request)
requests.exceptions.ConnectionError: HTTPSConnectionPool(host='services.ecourts.gov.in', port=443): Max retries exceeded with url: /ecourtindia_v6/?p=casestatus/index (Caused by NameResolutionError("HTTPSConnection(host='services.ecourts.gov.in', port=443): Failed to resolve 'services.ecourts.gov.in' ([Errno 11001] getaddrinfo failed)"))

The above exception was the direct cause of the following exception:

Traceback (most recent call last):
  File "C:\Users\kevin\Desktop\LawyerTracker v2\ui\widgets\location_picker.py", line 147, in _fetch_districts_worker
    districts = self._service.get_districts(state_code)
  File "C:\Users\kevin\Desktop\LawyerTracker v2\services\location_service.py", line 37, in get_districts
    html = self._client.fetch_districts(state_code)
  File "C:\Users\kevin\Desktop\LawyerTracker v2\api\ecourts_client.py", line 104, in fetch_districts
    resp = self._post("?p=casestatus/fillDistrict", {"state_code": state_code})
  File "C:\Users\kevin\Desktop\LawyerTracker v2\api\ecourts_client.py", line 87, in _post
    self._ensure_bootstrapped()
    ~~~~~~~~~~~~~~~~~~~~~~~~~^^
  File "C:\Users\kevin\Desktop\LawyerTracker v2\api\ecourts_client.py", line 84, in _ensure_bootstrapped
    self.bootstrap()
    ~~~~~~~~~~~~~~^^
  File "C:\Users\kevin\Desktop\LawyerTracker v2\api\ecourts_client.py", line 80, in bootstrap
    raise NetworkError("Could not reach the eCourts portal.") from exc
app_utils.exceptions.NetworkError: Could not reach the eCourts portal.
2026-07-17 14:54:46 | INFO     | services.captcha_service | KevinOCR engine loaded from C:\Users\kevin\Desktop\CAPTCHA\KevinOCR v4
2026-07-17 14:54:46 | INFO     | ui.app | Navigated to screen: settings
2026-07-17 14:54:52 | INFO     | services.config_service | Config updated: kevinocr_dir
2026-07-17 14:55:18 | INFO     | ui.app | Navigated to screen: home
2026-07-17 14:55:50 | INFO     | api.ecourts_client | eCourts session bootstrapped.
2026-07-17 14:55:50 | INFO     | services.location_service | Loaded 38 districts for state_code=10
2026-07-17 14:55:50 | INFO     | services.location_service | Loaded 13 court complexes for state_code=10 dist_code=2
2026-07-17 14:55:53 | INFO     | ui.app | Navigated to screen: captcha
2026-07-17 14:55:54 | INFO     | services.captcha_service | KevinOCR suggestion generated for CAPTCHA screen.
2026-07-17 14:56:00 | INFO     | ui.app | Navigated to screen: results
2026-07-17 14:56:00 | INFO     | services.search_service | Saved case id=36 (OS/199/2026 — State Bank of India, Alagudi Branch, Rep. by its Branch Manager vs Rajendran)
2026-07-17 14:56:02 | INFO     | services.search_service | Saved case id=19 (OS/141/2026 — Sate Bank of india , Alangudi Branch vs Abinaya)
2026-07-17 14:56:03 | INFO     | services.search_service | Saved case id=38 (OS/87/2026 — SBI vs Elayaraja)
2026-07-17 14:56:04 | INFO     | services.search_service | Saved case id=21 (OS/65/2026 — State Bank of India vs G Durkalakshmi)
2026-07-17 14:56:05 | INFO     | services.search_service | Saved case id=22 (OS/25/2026 — State Bank of India vs Prakash 2) Anbarasan)
2026-07-17 14:56:07 | INFO     | services.search_service | Saved case id=23 (OS/23/2026 — State Bank of India vs Panneerselvam T)
2026-07-17 14:56:12 | INFO     | ui.app | Navigated to screen: my_cases
2026-07-17 14:56:12 | INFO     | services.search_service | Saved case id=24 (OS/267/2025 — State Bank of India, Branch Manager vs A.Janakaraj)
2026-07-17 14:56:13 | INFO     | ui.app | Navigated to screen: home
2026-07-17 14:56:15 | INFO     | services.search_service | Saved case id=25 (OS/265/2025 — State Bank of India, Branch Manager vs Karuppaiya)
2026-07-17 14:56:15 | INFO     | ui.app | Navigated to screen: my_cases
2026-07-17 14:56:16 | INFO     | services.search_service | Saved case id=26 (OS/263/2025 — State Bank of India, Branch Manager vs Poomathi)
2026-07-17 14:56:18 | INFO     | services.search_service | Saved case id=27 (OS/259/2025 — State Bank of India, Branch Manager vs Arockiaselinraj)
2026-07-17 14:56:19 | INFO     | services.search_service | Saved case id=28 (OS/245/2025 — State Bank of India vs Balasubramaniyan)
2026-07-17 14:56:19 | ERROR    | api.ecourts_client | POST ?p=home/viewHistory failed.
Traceback (most recent call last):
  File "C:\Users\kevin\AppData\Local\Python\pythoncore-3.14-64\Lib\site-packages\urllib3\connectionpool.py", line 788, in urlopen
    response = self._make_request(
        conn,
    ...<10 lines>...
        **response_kw,
    )
  File "C:\Users\kevin\AppData\Local\Python\pythoncore-3.14-64\Lib\site-packages\urllib3\connectionpool.py", line 534, in _make_request
    response = conn.getresponse()
  File "C:\Users\kevin\AppData\Local\Python\pythoncore-3.14-64\Lib\site-packages\urllib3\connection.py", line 571, in getresponse
    httplib_response = super().getresponse()
  File "C:\Users\kevin\AppData\Local\Python\pythoncore-3.14-64\Lib\http\client.py", line 1450, in getresponse
    response.begin()
    ~~~~~~~~~~~~~~^^
  File "C:\Users\kevin\AppData\Local\Python\pythoncore-3.14-64\Lib\http\client.py", line 336, in begin
    version, status, reason = self._read_status()
                              ~~~~~~~~~~~~~~~~~^^
  File "C:\Users\kevin\AppData\Local\Python\pythoncore-3.14-64\Lib\http\client.py", line 305, in _read_status
    raise RemoteDisconnected("Remote end closed connection without"
                             " response")
http.client.RemoteDisconnected: Remote end closed connection without response

During handling of the above exception, another exception occurred:

Traceback (most recent call last):
  File "C:\Users\kevin\AppData\Local\Python\pythoncore-3.14-64\Lib\site-packages\requests\adapters.py", line 696, in send
    resp = conn.urlopen(
        method=request.method,
    ...<9 lines>...
        chunked=chunked,
    )
  File "C:\Users\kevin\AppData\Local\Python\pythoncore-3.14-64\Lib\site-packages\urllib3\connectionpool.py", line 842, in urlopen
    retries = retries.increment(
        method, url, error=new_e, _pool=self, _stacktrace=sys.exc_info()[2]
    )
  File "C:\Users\kevin\AppData\Local\Python\pythoncore-3.14-64\Lib\site-packages\urllib3\util\retry.py", line 498, in increment
    raise reraise(type(error), error, _stacktrace)
          ~~~~~~~^^^^^^^^^^^^^^^^^^^^^^^^^^^^^^^^^
  File "C:\Users\kevin\AppData\Local\Python\pythoncore-3.14-64\Lib\site-packages\urllib3\util\util.py", line 38, in reraise
    raise value.with_traceback(tb)
  File "C:\Users\kevin\AppData\Local\Python\pythoncore-3.14-64\Lib\site-packages\urllib3\connectionpool.py", line 788, in urlopen
    response = self._make_request(
        conn,
    ...<10 lines>...
        **response_kw,
    )
  File "C:\Users\kevin\AppData\Local\Python\pythoncore-3.14-64\Lib\site-packages\urllib3\connectionpool.py", line 534, in _make_request
    response = conn.getresponse()
  File "C:\Users\kevin\AppData\Local\Python\pythoncore-3.14-64\Lib\site-packages\urllib3\connection.py", line 571, in getresponse
    httplib_response = super().getresponse()
  File "C:\Users\kevin\AppData\Local\Python\pythoncore-3.14-64\Lib\http\client.py", line 1450, in getresponse
    response.begin()
    ~~~~~~~~~~~~~~^^
  File "C:\Users\kevin\AppData\Local\Python\pythoncore-3.14-64\Lib\http\client.py", line 336, in begin
    version, status, reason = self._read_status()
                              ~~~~~~~~~~~~~~~~~^^
  File "C:\Users\kevin\AppData\Local\Python\pythoncore-3.14-64\Lib\http\client.py", line 305, in _read_status
    raise RemoteDisconnected("Remote end closed connection without"
                             " response")
urllib3.exceptions.ProtocolError: ('Connection aborted.', RemoteDisconnected('Remote end closed connection without response'))

During handling of the above exception, another exception occurred:

Traceback (most recent call last):
  File "C:\Users\kevin\Desktop\LawyerTracker v2\api\ecourts_client.py", line 89, in _post
    return self._session.post(
           ~~~~~~~~~~~~~~~~~~^
        self._base + path,
        ^^^^^^^^^^^^^^^^^^
        data={**data, "ajax_req": "true", "app_token": ""},
        ^^^^^^^^^^^^^^^^^^^^^^^^^^^^^^^^^^^^^^^^^^^^^^^^^^^
        timeout=settings.request_timeout_seconds,
        ^^^^^^^^^^^^^^^^^^^^^^^^^^^^^^^^^^^^^^^^^
    )
    ^
  File "C:\Users\kevin\AppData\Local\Python\pythoncore-3.14-64\Lib\site-packages\requests\sessions.py", line 712, in post
    return self.request("POST", url, data=data, json=json, **kwargs)
           ~~~~~~~~~~~~^^^^^^^^^^^^^^^^^^^^^^^^^^^^^^^^^^^^^^^^^^^^^
  File "C:\Users\kevin\AppData\Local\Python\pythoncore-3.14-64\Lib\site-packages\requests\sessions.py", line 651, in request
    resp = self.send(prep, **send_kwargs)
  File "C:\Users\kevin\AppData\Local\Python\pythoncore-3.14-64\Lib\site-packages\requests\sessions.py", line 784, in send
    r = adapter.send(request, **kwargs)
  File "C:\Users\kevin\AppData\Local\Python\pythoncore-3.14-64\Lib\site-packages\requests\adapters.py", line 711, in send
    raise ConnectionError(err, request=request)
requests.exceptions.ConnectionError: ('Connection aborted.', RemoteDisconnected('Remote end closed connection without response'))
2026-07-17 14:56:19 | ERROR    | services.search_service | Detail fetch failed for OS/8/2026 — State Bank Of India, Alangudi Branch vs Kamatchi S; saving summary fields only.
Traceback (most recent call last):
  File "C:\Users\kevin\AppData\Local\Python\pythoncore-3.14-64\Lib\site-packages\urllib3\connectionpool.py", line 788, in urlopen
    response = self._make_request(
        conn,
    ...<10 lines>...
        **response_kw,
    )
  File "C:\Users\kevin\AppData\Local\Python\pythoncore-3.14-64\Lib\site-packages\urllib3\connectionpool.py", line 534, in _make_request
    response = conn.getresponse()
  File "C:\Users\kevin\AppData\Local\Python\pythoncore-3.14-64\Lib\site-packages\urllib3\connection.py", line 571, in getresponse
    httplib_response = super().getresponse()
  File "C:\Users\kevin\AppData\Local\Python\pythoncore-3.14-64\Lib\http\client.py", line 1450, in getresponse
    response.begin()
    ~~~~~~~~~~~~~~^^
  File "C:\Users\kevin\AppData\Local\Python\pythoncore-3.14-64\Lib\http\client.py", line 336, in begin
    version, status, reason = self._read_status()
                              ~~~~~~~~~~~~~~~~~^^
  File "C:\Users\kevin\AppData\Local\Python\pythoncore-3.14-64\Lib\http\client.py", line 305, in _read_status
    raise RemoteDisconnected("Remote end closed connection without"
                             " response")
http.client.RemoteDisconnected: Remote end closed connection without response

During handling of the above exception, another exception occurred:

Traceback (most recent call last):
  File "C:\Users\kevin\AppData\Local\Python\pythoncore-3.14-64\Lib\site-packages\requests\adapters.py", line 696, in send
    resp = conn.urlopen(
        method=request.method,
    ...<9 lines>...
        chunked=chunked,
    )
  File "C:\Users\kevin\AppData\Local\Python\pythoncore-3.14-64\Lib\site-packages\urllib3\connectionpool.py", line 842, in urlopen
    retries = retries.increment(
        method, url, error=new_e, _pool=self, _stacktrace=sys.exc_info()[2]
    )
  File "C:\Users\kevin\AppData\Local\Python\pythoncore-3.14-64\Lib\site-packages\urllib3\util\retry.py", line 498, in increment
    raise reraise(type(error), error, _stacktrace)
          ~~~~~~~^^^^^^^^^^^^^^^^^^^^^^^^^^^^^^^^^
  File "C:\Users\kevin\AppData\Local\Python\pythoncore-3.14-64\Lib\site-packages\urllib3\util\util.py", line 38, in reraise
    raise value.with_traceback(tb)
  File "C:\Users\kevin\AppData\Local\Python\pythoncore-3.14-64\Lib\site-packages\urllib3\connectionpool.py", line 788, in urlopen
    response = self._make_request(
        conn,
    ...<10 lines>...
        **response_kw,
    )
  File "C:\Users\kevin\AppData\Local\Python\pythoncore-3.14-64\Lib\site-packages\urllib3\connectionpool.py", line 534, in _make_request
    response = conn.getresponse()
  File "C:\Users\kevin\AppData\Local\Python\pythoncore-3.14-64\Lib\site-packages\urllib3\connection.py", line 571, in getresponse
    httplib_response = super().getresponse()
  File "C:\Users\kevin\AppData\Local\Python\pythoncore-3.14-64\Lib\http\client.py", line 1450, in getresponse
    response.begin()
    ~~~~~~~~~~~~~~^^
  File "C:\Users\kevin\AppData\Local\Python\pythoncore-3.14-64\Lib\http\client.py", line 336, in begin
    version, status, reason = self._read_status()
                              ~~~~~~~~~~~~~~~~~^^
  File "C:\Users\kevin\AppData\Local\Python\pythoncore-3.14-64\Lib\http\client.py", line 305, in _read_status
    raise RemoteDisconnected("Remote end closed connection without"
                             " response")
urllib3.exceptions.ProtocolError: ('Connection aborted.', RemoteDisconnected('Remote end closed connection without response'))

During handling of the above exception, another exception occurred:

Traceback (most recent call last):
  File "C:\Users\kevin\Desktop\LawyerTracker v2\api\ecourts_client.py", line 89, in _post
    return self._session.post(
           ~~~~~~~~~~~~~~~~~~^
        self._base + path,
        ^^^^^^^^^^^^^^^^^^
        data={**data, "ajax_req": "true", "app_token": ""},
        ^^^^^^^^^^^^^^^^^^^^^^^^^^^^^^^^^^^^^^^^^^^^^^^^^^^
        timeout=settings.request_timeout_seconds,
        ^^^^^^^^^^^^^^^^^^^^^^^^^^^^^^^^^^^^^^^^^
    )
    ^
  File "C:\Users\kevin\AppData\Local\Python\pythoncore-3.14-64\Lib\site-packages\requests\sessions.py", line 712, in post
    return self.request("POST", url, data=data, json=json, **kwargs)
           ~~~~~~~~~~~~^^^^^^^^^^^^^^^^^^^^^^^^^^^^^^^^^^^^^^^^^^^^^
  File "C:\Users\kevin\AppData\Local\Python\pythoncore-3.14-64\Lib\site-packages\requests\sessions.py", line 651, in request
    resp = self.send(prep, **send_kwargs)
  File "C:\Users\kevin\AppData\Local\Python\pythoncore-3.14-64\Lib\site-packages\requests\sessions.py", line 784, in send
    r = adapter.send(request, **kwargs)
  File "C:\Users\kevin\AppData\Local\Python\pythoncore-3.14-64\Lib\site-packages\requests\adapters.py", line 711, in send
    raise ConnectionError(err, request=request)
requests.exceptions.ConnectionError: ('Connection aborted.', RemoteDisconnected('Remote end closed connection without response'))

The above exception was the direct cause of the following exception:

Traceback (most recent call last):
  File "C:\Users\kevin\Desktop\LawyerTracker v2\services\search_service.py", line 179, in enrich_and_save_all
    case = self.fetch_case_detail(case)
  File "C:\Users\kevin\Desktop\LawyerTracker v2\services\search_service.py", line 125, in fetch_case_detail
    response = self._client.fetch_case_history(view_args)
  File "C:\Users\kevin\Desktop\LawyerTracker v2\api\ecourts_client.py", line 242, in fetch_case_history
    resp = self._post("?p=home/viewHistory", payload)
  File "C:\Users\kevin\Desktop\LawyerTracker v2\api\ecourts_client.py", line 96, in _post
    raise NetworkError(f"Request to eCourts portal failed ({path}).") from exc
app_utils.exceptions.NetworkError: Request to eCourts portal failed (?p=home/viewHistory).
2026-07-17 14:56:19 | INFO     | services.search_service | Saved case id=47 (OS/8/2026 — State Bank Of India, Alangudi Branch vs Kamatchi S)
2026-07-17 14:56:23 | INFO     | services.search_service | Saved case id=30 (OS/10/2024 — Malliga vs Rajalakshmi(Died) 2) Manickam)
2026-07-17 14:56:27 | INFO     | services.search_service | Saved case id=30 (OS/10/2024 — Malliga vs Rajalakshmi(Died) 2) Manickam)
2026-07-17 14:56:28 | INFO     | services.search_service | Saved case id=32 (OS/260/2025 — State Bank of India, Branch Manager, Alangudi Branch vs Vijaya Advocate - Balakrishnan.C)
2026-07-17 14:56:28 | INFO     | ui.app | Navigated to screen: settings
2026-07-17 14:56:30 | INFO     | services.search_service | Saved case id=33 (OS/104/2026 — State Bank of India, Alangudi Branch vs Sengamalam)
2026-07-17 14:56:32 | INFO     | services.search_service | Saved case id=34 (OS/86/2026 — State Bank of India, Alangudy Branch. vs Thamsan 2) Sagayaraj)
2026-07-17 14:56:34 | INFO     | services.search_service | Saved case id=35 (OS/74/2026 — State Bank of India, Alangudi Branch vs Thiruveni 2) Alagarsami)
2026-07-17 14:56:47 | INFO     | services.config_service | Config updated: telegram_enabled
2026-07-17 14:56:47 | INFO     | services.config_service | Config updated: reminder_time
2026-07-17 14:56:47 | INFO     | services.reminder_logic | Reminder prefs saved (enabled=True, time=14:57)
2026-07-17 14:57:00 | INFO     | config.telegram_config | Telegram bot token loaded from telegram_config.json.
2026-07-17 14:57:01 | INFO     | services.telegram_service | Telegram reminder sent to chat_id=5135607591
2026-07-17 14:57:01 | INFO     | services.config_service | Config updated: last_reminder_sent
2026-07-17 14:57:01 | INFO     | services.reminder_scheduler | Scheduled reminder sent (0 hearing(s) tomorrow).
2026-07-17 14:57:38 | INFO     | services.reminder_scheduler | Reminder scheduler stopped.
2026-07-19 11:05:00 | INFO     | __main__ | Starting LawyerTracker v0.1.0
2026-07-19 11:05:00 | INFO     | database.connection | Database ready at C:\Users\kevin\Desktop\LawyerTracker v2\data\lawyertracker.db
2026-07-19 11:05:00 | INFO     | database.connection | Database ready at C:\Users\kevin\Desktop\LawyerTracker v2\data\lawyertracker.db
2026-07-19 11:05:01 | INFO     | ui.app | Navigated to screen: home
2026-07-19 11:05:01 | INFO     | services.reminder_scheduler | Reminder scheduler started.
2026-07-19 11:05:01 | INFO     | api.ecourts_client | eCourts session bootstrapped.
2026-07-19 11:05:01 | INFO     | services.location_service | Loaded 38 districts for state_code=10
2026-07-19 11:05:01 | INFO     | api.ecourts_client | eCourts session bootstrapped.
2026-07-19 11:05:01 | INFO     | services.location_service | Loaded 13 court complexes for state_code=10 dist_code=2
2026-07-19 11:05:01 | INFO     | services.location_service | Loaded 38 districts for state_code=10
2026-07-19 11:05:02 | INFO     | services.location_service | Loaded 13 court complexes for state_code=10 dist_code=2
2026-07-19 11:05:03 | INFO     | ui.app | Navigated to screen: my_cases
2026-07-19 11:05:13 | INFO     | ui.app | Navigated to screen: home
2026-07-19 11:05:29 | INFO     | ui.app | Navigated to screen: captcha
2026-07-19 11:05:31 | INFO     | services.captcha_service | KevinOCR engine loaded from C:\Users\kevin\Desktop\CAPTCHA\KevinOCR v4
2026-07-19 11:05:34 | INFO     | services.captcha_service | KevinOCR suggestion generated for CAPTCHA screen.
2026-07-19 11:05:35 | INFO     | ui.app | Navigated to screen: results
2026-07-19 11:05:36 | INFO     | services.search_service | Saved case id=36 (OS/199/2026 — State Bank of India, Alagudi Branch, Rep. by its Branch Manager vs Rajendran)
2026-07-19 11:05:37 | INFO     | services.search_service | Saved case id=19 (OS/141/2026 — Sate Bank of india , Alangudi Branch vs Abinaya)
2026-07-19 11:05:38 | INFO     | services.search_service | Saved case id=38 (OS/87/2026 — SBI vs Elayaraja)
2026-07-19 11:05:39 | INFO     | services.search_service | Saved case id=21 (OS/65/2026 — State Bank of India vs G Durkalakshmi)
2026-07-19 11:05:40 | INFO     | services.search_service | Saved case id=22 (OS/25/2026 — State Bank of India vs Prakash 2) Anbarasan)
2026-07-19 11:05:41 | INFO     | services.search_service | Saved case id=23 (OS/23/2026 — State Bank of India vs Panneerselvam T)
2026-07-19 11:05:42 | INFO     | services.search_service | Saved case id=24 (OS/267/2025 — State Bank of India, Branch Manager vs A.Janakaraj)
2026-07-19 11:05:43 | INFO     | services.search_service | Saved case id=25 (OS/265/2025 — State Bank of India, Branch Manager vs Karuppaiya)
2026-07-19 11:05:44 | INFO     | services.search_service | Saved case id=26 (OS/263/2025 — State Bank of India, Branch Manager vs Poomathi)
2026-07-19 11:05:45 | INFO     | services.search_service | Saved case id=27 (OS/259/2025 — State Bank of India, Branch Manager vs Arockiaselinraj)
2026-07-19 11:05:45 | INFO     | services.search_service | Saved case id=28 (OS/245/2025 — State Bank of India vs Balasubramaniyan)
2026-07-19 11:05:46 | INFO     | services.search_service | Saved case id=29 (OS/8/2026 — State Bank Of India, Alangudi Branch vs Kamatchi S)
2026-07-19 11:05:48 | INFO     | services.search_service | Saved case id=30 (OS/10/2024 — Malliga vs Rajalakshmi(Died) 2) Manickam)
2026-07-19 11:05:49 | INFO     | services.search_service | Saved case id=30 (OS/10/2024 — Malliga vs Rajalakshmi(Died) 2) Manickam)
2026-07-19 11:05:50 | INFO     | services.search_service | Saved case id=32 (OS/260/2025 — State Bank of India, Branch Manager, Alangudi Branch vs Vijaya Advocate - Balakrishnan.C)
2026-07-19 11:05:51 | INFO     | services.search_service | Saved case id=33 (OS/104/2026 — State Bank of India, Alangudi Branch vs Sengamalam)
2026-07-19 11:05:52 | INFO     | services.search_service | Saved case id=34 (OS/86/2026 — State Bank of India, Alangudy Branch. vs Thamsan 2) Sagayaraj)
2026-07-19 11:05:53 | INFO     | services.search_service | Saved case id=35 (OS/74/2026 — State Bank of India, Alangudi Branch vs Thiruveni 2) Alagarsami)
2026-07-19 11:05:55 | INFO     | ui.app | Navigated to screen: settings
2026-07-19 11:06:10 | INFO     | services.config_service | Config updated: telegram_enabled
2026-07-19 11:06:10 | INFO     | services.config_service | Config updated: reminder_time
2026-07-19 11:06:10 | INFO     | services.reminder_logic | Reminder prefs saved (enabled=True, time=11:07)
2026-07-19 11:06:13 | INFO     | config.telegram_config | Telegram bot token loaded from telegram_config.json.
2026-07-19 11:06:15 | INFO     | services.telegram_service | Telegram reminder sent to chat_id=5135607591
2026-07-19 11:07:01 | INFO     | services.telegram_service | Telegram reminder sent to chat_id=5135607591
2026-07-19 11:07:01 | INFO     | services.config_service | Config updated: last_reminder_sent
2026-07-19 11:07:01 | INFO     | services.reminder_scheduler | Scheduled reminder sent (1 hearing(s) tomorrow).
2026-07-19 11:07:50 | INFO     | ui.app | Navigated to screen: my_cases
2026-07-19 11:10:09 | INFO     | ui.app | Navigated to screen: my_cases
2026-07-19 11:10:09 | INFO     | ui.app | Navigated to screen: home
2026-07-19 11:10:32 | INFO     | services.reminder_scheduler | Reminder scheduler stopped.
